<?xml version="1.0" encoding="UTF-8"?>
<!-- Generated by org.testng.reporters.JUnitXMLReporter -->
<testsuite ignored="0" hostname="DESKTOP-K0HG7OR" failures="0" tests="1" name="Default test(failed)" time="0.481" errors="0" timestamp="11 Jun 2023 19:23:16 GMT">
  <testcase classname="com.Dream11.qa.BaseClass" name="@BeforeClass openSerever" time="0.157">
    <failure type="java.lang.AbstractMethodError" message="Receiver class io.appium.java_client.service.local.AppiumServiceBuilder does not define or inherit an implementation of the resolved method &amp;apos;abstract void loadSystemProperties()&amp;apos; of abstract class org.openqa.selenium.remote.service.DriverService$Builder.">
      <![CDATA[java.lang.AbstractMethodError: Receiver class io.appium.java_client.service.local.AppiumServiceBuilder does not define or inherit an implementation of the resolved method 'abstract void loadSystemProperties()' of abstract class org.openqa.selenium.remote.service.DriverService$Builder.
at org.openqa.selenium.remote.service.DriverService$Builder.build(DriverService.java:504)
at io.appium.java_client.service.local.AppiumDriverLocalService.buildService(AppiumDriverLocalService.java:90)
at io.appium.java_client.service.local.AppiumDriverLocalService.buildDefaultService(AppiumDriverLocalService.java:86)
at com.Dream11.qa.BaseClass.openSerever(BaseClass.java:27)
... Removed 26 stack frames]]>
    </failure>
  </testcase> <!-- @BeforeClass openSerever -->
  <testcase classname="com.Dream11.qa.BaseClass" name="@BeforeMethod launchApp" time="0.0">
    <skipped/>
  </testcase> <!-- @BeforeMethod launchApp -->
  <testcase classname="com.Dream11.qa.BaseClass" name="@AfterMethod closeApp" time="0.0">
    <skipped/>
  </testcase> <!-- @AfterMethod closeApp -->
  <testcase classname="com.Dream11.qa.BaseClass" name="@AfterClass closeSerever" time="0.0">
    <skipped/>
  </testcase> <!-- @AfterClass closeSerever -->
  <testcase classname="com.Dream11.tests.CreateTeamTest" name="createTeam" time="0.0">
    <skipped/>
  </testcase> <!-- createTeam -->
</testsuite> <!-- Default test(failed) -->
